2018-03-20 14:11:52.310 [main] INFO  o.s.w.c.s.AnnotationConfigWebApplicationContext - Refreshing Root WebApplicationContext: startup date [Tue Mar 20 14:11:52 CST 2018]; root of context hierarchy
2018-03-20 14:11:52.506 [main] INFO  o.s.w.c.s.AnnotationConfigWebApplicationContext - Registering annotated classes: [class com.cs.server.AppConfig]
2018-03-20 14:11:52.799 [main] INFO  o.s.beans.factory.xml.XmlBeanDefinitionReader - Loading XML bean definitions from URL [file:/D:/opt/CS/target/classes/applicationContext.xml]
2018-03-20 14:11:53.765 [main] INFO  o.s.w.s.m.m.a.RequestMappingHandlerAdapter - Looking for @ControllerAdvice: Root WebApplicationContext: startup date [Tue Mar 20 14:11:52 CST 2018]; root of context hierarchy
2018-03-20 14:11:53.848 [main] INFO  o.s.w.s.m.m.a.RequestMappingHandlerMapping - Mapped "{[/hello/register],methods=[POST],params=[],headers=[],consumes=[],produces=[],custom=[]}" onto public void com.cs.controller.TestController.register(java.lang.String,java.lang.String,java.lang.String,java.lang.String,java.lang.String,java.lang.String)
2018-03-20 14:11:53.850 [main] INFO  o.s.w.s.m.m.a.RequestMappingHandlerMapping - Mapped "{[/user/login],methods=[POST],params=[],headers=[],consumes=[],produces=[text/html;charset=utf-8],custom=[]}" onto public java.lang.String com.cs.controller.user.LoginController.userLogin(java.lang.String,java.lang.String,javax.servlet.http.HttpServletRequest)
2018-03-20 14:11:53.850 [main] INFO  o.s.w.s.m.m.a.RequestMappingHandlerMapping - Mapped "{[/user/create],methods=[POST],params=[],headers=[],consumes=[],produces=[text/html;charset=utf-8],custom=[]}" onto public java.lang.String com.cs.controller.user.LoginController.getShopInJSON(java.lang.String,javax.servlet.http.HttpServletRequest)
2018-03-20 14:11:53.910 [main] INFO  org.springframework.mock.web.MockServletContext - Initializing Spring FrameworkServlet ''
2018-03-20 14:11:53.910 [main] INFO  org.springframework.web.servlet.DispatcherServlet - FrameworkServlet '': initialization started
2018-03-20 14:11:53.943 [main] INFO  org.springframework.web.servlet.DispatcherServlet - FrameworkServlet '': initialization completed in 33 ms
2018-03-20 14:11:53.943 [main] INFO  com.cs.server.MyServer - Netty server has started on port : 8080
2018-03-20 14:11:59.707 [nioEventLoopGroup-4-1] WARN  org.springframework.web.servlet.PageNotFound - No mapping found for HTTP request with URI [/] in DispatcherServlet with name ''
2018-03-20 14:12:55.590 [nioEventLoopGroup-4-3] WARN  org.springframework.web.servlet.PageNotFound - Request method 'GET' not supported
2018-03-20 14:13:37.526 [nioEventLoopGroup-4-5] WARN  org.springframework.web.servlet.PageNotFound - No mapping found for HTTP request with URI [/] in DispatcherServlet with name ''
2018-03-20 14:13:45.827 [nioEventLoopGroup-4-6] WARN  org.springframework.web.servlet.PageNotFound - No mapping found for HTTP request with URI [/hello/foo] in DispatcherServlet with name ''
2018-03-20 14:14:35.549 [main] INFO  o.s.w.c.s.AnnotationConfigWebApplicationContext - Refreshing Root WebApplicationContext: startup date [Tue Mar 20 14:14:35 CST 2018]; root of context hierarchy
2018-03-20 14:14:35.782 [main] INFO  o.s.w.c.s.AnnotationConfigWebApplicationContext - Registering annotated classes: [class com.cs.server.AppConfig]
2018-03-20 14:14:36.058 [main] INFO  o.s.beans.factory.xml.XmlBeanDefinitionReader - Loading XML bean definitions from URL [file:/D:/opt/CS/target/classes/applicationContext.xml]
2018-03-20 14:14:36.693 [main] INFO  o.s.w.s.m.m.a.RequestMappingHandlerMapping - Mapped "{[/hello/foo],methods=[GET],params=[],headers=[],consumes=[],produces=[text/html;charset=utf-8],custom=[]}" onto public java.lang.String com.cs.controller.TestController.getShopInJSON(java.lang.String,javax.servlet.http.HttpServletRequest)
2018-03-20 14:14:36.694 [main] INFO  o.s.w.s.m.m.a.RequestMappingHandlerMapping - Mapped "{[/user/create],methods=[POST],params=[],headers=[],consumes=[],produces=[text/html;charset=utf-8],custom=[]}" onto public java.lang.String com.cs.controller.user.LoginController.getShopInJSON(java.lang.String,javax.servlet.http.HttpServletRequest)
2018-03-20 14:14:36.695 [main] INFO  o.s.w.s.m.m.a.RequestMappingHandlerMapping - Mapped "{[/user/login],methods=[POST],params=[],headers=[],consumes=[],produces=[text/html;charset=utf-8],custom=[]}" onto public java.lang.String com.cs.controller.user.LoginController.userLogin(java.lang.String,java.lang.String,javax.servlet.http.HttpServletRequest)
2018-03-20 14:14:36.862 [main] INFO  o.s.w.s.m.m.a.RequestMappingHandlerAdapter - Looking for @ControllerAdvice: Root WebApplicationContext: startup date [Tue Mar 20 14:14:35 CST 2018]; root of context hierarchy
2018-03-20 14:14:37.017 [main] INFO  org.springframework.mock.web.MockServletContext - Initializing Spring FrameworkServlet ''
2018-03-20 14:14:37.017 [main] INFO  org.springframework.web.servlet.DispatcherServlet - FrameworkServlet '': initialization started
2018-03-20 14:14:37.041 [main] INFO  org.springframework.web.servlet.DispatcherServlet - FrameworkServlet '': initialization completed in 24 ms
2018-03-20 14:14:37.041 [main] INFO  com.cs.server.MyServer - Netty server has started on port : 8080
2018-03-20 14:14:42.857 [nioEventLoopGroup-4-2] INFO  com.cs.controller.TestController - 谁=====侯彬
2018-03-20 14:14:45.825 [nioEventLoopGroup-4-1] WARN  org.springframework.web.servlet.PageNotFound - Request method 'GET' not supported
2018-03-20 14:15:09.250 [main] INFO  o.s.w.c.s.AnnotationConfigWebApplicationContext - Refreshing Root WebApplicationContext: startup date [Tue Mar 20 14:15:09 CST 2018]; root of context hierarchy
2018-03-20 14:15:09.600 [main] INFO  o.s.w.c.s.AnnotationConfigWebApplicationContext - Registering annotated classes: [class com.cs.server.AppConfig]
2018-03-20 14:15:09.836 [main] INFO  o.s.beans.factory.xml.XmlBeanDefinitionReader - Loading XML bean definitions from URL [file:/D:/opt/CS/target/classes/applicationContext.xml]
2018-03-20 14:15:10.754 [main] INFO  o.s.w.s.m.m.a.RequestMappingHandlerAdapter - Looking for @ControllerAdvice: Root WebApplicationContext: startup date [Tue Mar 20 14:15:09 CST 2018]; root of context hierarchy
2018-03-20 14:15:10.908 [main] INFO  o.s.w.s.m.m.a.RequestMappingHandlerMapping - Mapped "{[/user/create],methods=[POST],params=[],headers=[],consumes=[],produces=[text/html;charset=utf-8],custom=[]}" onto public java.lang.String com.cs.controller.user.LoginController.getShopInJSON(java.lang.String,javax.servlet.http.HttpServletRequest)
2018-03-20 14:15:10.908 [main] INFO  o.s.w.s.m.m.a.RequestMappingHandlerMapping - Mapped "{[/user/login],methods=[POST],params=[],headers=[],consumes=[],produces=[text/html;charset=utf-8],custom=[]}" onto public java.lang.String com.cs.controller.user.LoginController.userLogin(java.lang.String,java.lang.String,javax.servlet.http.HttpServletRequest)
2018-03-20 14:15:10.954 [main] INFO  org.springframework.mock.web.MockServletContext - Initializing Spring FrameworkServlet ''
2018-03-20 14:15:10.954 [main] INFO  org.springframework.web.servlet.DispatcherServlet - FrameworkServlet '': initialization started
2018-03-20 14:15:11.030 [main] INFO  org.springframework.web.servlet.DispatcherServlet - FrameworkServlet '': initialization completed in 76 ms
2018-03-20 14:15:11.031 [main] INFO  com.cs.server.MyServer - Netty server has started on port : 8080
2018-03-20 14:15:14.002 [nioEventLoopGroup-4-1] WARN  org.springframework.web.servlet.PageNotFound - Request method 'GET' not supported
2018-03-20 14:15:16.103 [nioEventLoopGroup-4-2] WARN  org.springframework.web.servlet.PageNotFound - Request method 'GET' not supported
2018-03-20 14:16:06.619 [main] INFO  o.s.w.c.s.AnnotationConfigWebApplicationContext - Refreshing Root WebApplicationContext: startup date [Tue Mar 20 14:16:06 CST 2018]; root of context hierarchy
2018-03-20 14:16:06.800 [main] INFO  o.s.w.c.s.AnnotationConfigWebApplicationContext - Registering annotated classes: [class com.cs.server.AppConfig]
2018-03-20 14:16:07.084 [main] INFO  o.s.beans.factory.xml.XmlBeanDefinitionReader - Loading XML bean definitions from URL [file:/D:/opt/CS/target/classes/applicationContext.xml]
2018-03-20 14:16:07.802 [main] INFO  o.s.w.s.m.m.a.RequestMappingHandlerMapping - Mapped "{[/user/login],methods=[POST],params=[],headers=[],consumes=[],produces=[text/html;charset=utf-8],custom=[]}" onto public java.lang.String com.cs.controller.user.LoginController.userLogin(java.lang.String,java.lang.String,javax.servlet.http.HttpServletRequest)
2018-03-20 14:16:07.803 [main] INFO  o.s.w.s.m.m.a.RequestMappingHandlerMapping - Mapped "{[/user/create],methods=[POST],params=[],headers=[],consumes=[],produces=[text/html;charset=utf-8],custom=[]}" onto public java.lang.String com.cs.controller.user.LoginController.getShopInJSON1(java.lang.String,javax.servlet.http.HttpServletRequest)
2018-03-20 14:16:07.804 [main] INFO  o.s.w.s.m.m.a.RequestMappingHandlerMapping - Mapped "{[/user/foo],methods=[GET],params=[],headers=[],consumes=[],produces=[text/html;charset=utf-8],custom=[]}" onto public java.lang.String com.cs.controller.user.LoginController.getShopInJSON(java.lang.String,javax.servlet.http.HttpServletRequest)
2018-03-20 14:16:08.002 [main] INFO  o.s.w.s.m.m.a.RequestMappingHandlerAdapter - Looking for @ControllerAdvice: Root WebApplicationContext: startup date [Tue Mar 20 14:16:06 CST 2018]; root of context hierarchy
2018-03-20 14:16:08.132 [main] INFO  org.springframework.mock.web.MockServletContext - Initializing Spring FrameworkServlet ''
2018-03-20 14:16:08.132 [main] INFO  org.springframework.web.servlet.DispatcherServlet - FrameworkServlet '': initialization started
2018-03-20 14:16:08.166 [main] INFO  org.springframework.web.servlet.DispatcherServlet - FrameworkServlet '': initialization completed in 33 ms
2018-03-20 14:16:08.166 [main] INFO  com.cs.server.MyServer - Netty server has started on port : 8080
2018-03-20 14:16:08.632 [nioEventLoopGroup-4-1] WARN  org.springframework.web.servlet.PageNotFound - No mapping found for HTTP request with URI [/hello/foo] in DispatcherServlet with name ''
2018-03-20 14:16:11.715 [nioEventLoopGroup-4-2] WARN  org.springframework.web.servlet.PageNotFound - No mapping found for HTTP request with URI [/hello/foo] in DispatcherServlet with name ''
2018-03-20 14:16:16.916 [nioEventLoopGroup-4-3] WARN  org.springframework.web.servlet.PageNotFound - No mapping found for HTTP request with URI [/hello/foo] in DispatcherServlet with name ''
2018-03-20 14:17:21.650 [nioEventLoopGroup-4-5] INFO  com.cs.controller.TestController - 谁=====侯彬
2018-03-20 14:17:33.039 [nioEventLoopGroup-4-7] WARN  org.springframework.web.servlet.PageNotFound - Request method 'GET' not supported
2018-03-20 14:17:42.322 [nioEventLoopGroup-4-8] WARN  org.springframework.web.servlet.PageNotFound - Request method 'GET' not supported
2018-03-20 14:17:50.147 [nioEventLoopGroup-4-1] WARN  org.springframework.web.servlet.PageNotFound - Request method 'GET' not supported
2018-03-20 14:18:31.541 [main] INFO  o.s.w.c.s.AnnotationConfigWebApplicationContext - Refreshing Root WebApplicationContext: startup date [Tue Mar 20 14:18:31 CST 2018]; root of context hierarchy
2018-03-20 14:18:31.850 [main] INFO  o.s.w.c.s.AnnotationConfigWebApplicationContext - Registering annotated classes: [class com.cs.server.AppConfig]
2018-03-20 14:18:32.142 [main] INFO  o.s.beans.factory.xml.XmlBeanDefinitionReader - Loading XML bean definitions from URL [file:/D:/opt/CS/target/classes/applicationContext.xml]
2018-03-20 14:18:32.977 [main] INFO  o.s.w.s.m.m.a.RequestMappingHandlerMapping - Mapped "{[/user/create],methods=[GET],params=[],headers=[],consumes=[],produces=[text/html;charset=utf-8],custom=[]}" onto public java.lang.String com.cs.controller.user.LoginController.getShopInJSON1(java.lang.String,javax.servlet.http.HttpServletRequest)
2018-03-20 14:18:32.977 [main] INFO  o.s.w.s.m.m.a.RequestMappingHandlerMapping - Mapped "{[/user/foo],methods=[GET],params=[],headers=[],consumes=[],produces=[text/html;charset=utf-8],custom=[]}" onto public java.lang.String com.cs.controller.user.LoginController.getShopInJSON(java.lang.String,javax.servlet.http.HttpServletRequest)
2018-03-20 14:18:32.978 [main] INFO  o.s.w.s.m.m.a.RequestMappingHandlerMapping - Mapped "{[/user/login],methods=[POST],params=[],headers=[],consumes=[],produces=[text/html;charset=utf-8],custom=[]}" onto public java.lang.String com.cs.controller.user.LoginController.userLogin(java.lang.String,java.lang.String,javax.servlet.http.HttpServletRequest)
2018-03-20 14:18:33.262 [main] INFO  o.s.w.s.m.m.a.RequestMappingHandlerAdapter - Looking for @ControllerAdvice: Root WebApplicationContext: startup date [Tue Mar 20 14:18:31 CST 2018]; root of context hierarchy
2018-03-20 14:18:33.348 [main] INFO  org.springframework.mock.web.MockServletContext - Initializing Spring FrameworkServlet ''
2018-03-20 14:18:33.348 [main] INFO  org.springframework.web.servlet.DispatcherServlet - FrameworkServlet '': initialization started
2018-03-20 14:18:33.375 [main] INFO  org.springframework.web.servlet.DispatcherServlet - FrameworkServlet '': initialization completed in 27 ms
2018-03-20 14:18:33.375 [main] INFO  com.cs.server.MyServer - Netty server has started on port : 8080
2018-03-20 14:18:35.278 [nioEventLoopGroup-4-1] INFO  com.cs.controller.TestController - 谁=====houbin
2018-03-20 14:18:59.471 [nioEventLoopGroup-4-3] WARN  org.springframework.web.servlet.PageNotFound - No mapping found for HTTP request with URI [/hello/foo] in DispatcherServlet with name ''
2018-03-20 14:19:18.721 [main] INFO  o.s.w.c.s.AnnotationConfigWebApplicationContext - Refreshing Root WebApplicationContext: startup date [Tue Mar 20 14:19:18 CST 2018]; root of context hierarchy
2018-03-20 14:19:18.913 [main] INFO  o.s.w.c.s.AnnotationConfigWebApplicationContext - Registering annotated classes: [class com.cs.server.AppConfig]
2018-03-20 14:19:19.201 [main] INFO  o.s.beans.factory.xml.XmlBeanDefinitionReader - Loading XML bean definitions from URL [file:/D:/opt/CS/target/classes/applicationContext.xml]
2018-03-20 14:19:20.017 [main] INFO  o.s.w.s.m.m.a.RequestMappingHandlerAdapter - Looking for @ControllerAdvice: Root WebApplicationContext: startup date [Tue Mar 20 14:19:18 CST 2018]; root of context hierarchy
2018-03-20 14:19:20.106 [main] INFO  o.s.w.s.m.m.a.RequestMappingHandlerMapping - Mapped "{[/user/foo],methods=[GET],params=[],headers=[],consumes=[],produces=[text/html;charset=utf-8],custom=[]}" onto public java.lang.String com.cs.controller.user.LoginController.getShopInJSON(java.lang.String,javax.servlet.http.HttpServletRequest)
2018-03-20 14:19:20.107 [main] INFO  o.s.w.s.m.m.a.RequestMappingHandlerMapping - Mapped "{[/user/create],methods=[GET],params=[],headers=[],consumes=[],produces=[text/html;charset=utf-8],custom=[]}" onto public java.lang.String com.cs.controller.user.LoginController.getShopInJSON1(java.lang.String,javax.servlet.http.HttpServletRequest)
2018-03-20 14:19:20.107 [main] INFO  o.s.w.s.m.m.a.RequestMappingHandlerMapping - Mapped "{[/user/login],methods=[GET],params=[],headers=[],consumes=[],produces=[text/html;charset=utf-8],custom=[]}" onto public java.lang.String com.cs.controller.user.LoginController.userLogin(java.lang.String,java.lang.String,javax.servlet.http.HttpServletRequest)
2018-03-20 14:19:20.108 [main] INFO  o.s.w.s.m.m.a.RequestMappingHandlerMapping - Mapped "{[/hello/foo],methods=[GET],params=[],headers=[],consumes=[],produces=[text/html;charset=utf-8],custom=[]}" onto public java.lang.String com.cs.controller.TestController.getShopInJSON(java.lang.String,javax.servlet.http.HttpServletRequest)
2018-03-20 14:19:20.168 [main] INFO  org.springframework.mock.web.MockServletContext - Initializing Spring FrameworkServlet ''
2018-03-20 14:19:20.169 [main] INFO  org.springframework.web.servlet.DispatcherServlet - FrameworkServlet '': initialization started
2018-03-20 14:19:20.195 [main] INFO  org.springframework.web.servlet.DispatcherServlet - FrameworkServlet '': initialization completed in 26 ms
2018-03-20 14:19:20.196 [main] INFO  com.cs.server.MyServer - Netty server has started on port : 8080
2018-03-20 14:19:24.453 [nioEventLoopGroup-4-1] INFO  com.cs.controller.TestController - 谁=====侯彬
2018-03-20 14:19:27.013 [nioEventLoopGroup-4-2] INFO  com.cs.controller.TestController - 谁=====houbin
2018-03-20 14:19:58.686 [nioEventLoopGroup-4-5] INFO  com.cs.controller.TestController - 谁=====houbin
2018-03-20 14:21:18.602 [main] INFO  o.s.w.c.s.AnnotationConfigWebApplicationContext - Refreshing Root WebApplicationContext: startup date [Tue Mar 20 14:21:18 CST 2018]; root of context hierarchy
2018-03-20 14:21:18.947 [main] INFO  o.s.w.c.s.AnnotationConfigWebApplicationContext - Registering annotated classes: [class com.cs.server.AppConfig]
2018-03-20 14:21:19.261 [main] INFO  o.s.beans.factory.xml.XmlBeanDefinitionReader - Loading XML bean definitions from URL [file:/D:/opt/CS/target/classes/applicationContext.xml]
2018-03-20 14:21:20.367 [main] INFO  o.s.w.s.m.m.a.RequestMappingHandlerAdapter - Looking for @ControllerAdvice: Root WebApplicationContext: startup date [Tue Mar 20 14:21:18 CST 2018]; root of context hierarchy
2018-03-20 14:21:20.597 [main] INFO  o.s.w.s.m.m.a.RequestMappingHandlerMapping - Mapped "{[/user/create],methods=[GET],params=[],headers=[],consumes=[],produces=[text/html;charset=utf-8],custom=[]}" onto public java.lang.String com.cs.controller.user.LoginController.getShopInJSON1(java.lang.String,javax.servlet.http.HttpServletRequest)
2018-03-20 14:21:20.615 [main] INFO  o.s.w.s.m.m.a.RequestMappingHandlerMapping - Mapped "{[/user/foo],methods=[GET],params=[],headers=[],consumes=[],produces=[text/html;charset=utf-8],custom=[]}" onto public java.lang.String com.cs.controller.user.LoginController.getShopInJSON(java.lang.String,javax.servlet.http.HttpServletRequest)
2018-03-20 14:21:20.617 [main] INFO  o.s.w.s.m.m.a.RequestMappingHandlerMapping - Mapped "{[/user/login],methods=[GET],params=[],headers=[],consumes=[],produces=[text/html;charset=utf-8],custom=[]}" onto public java.lang.String com.cs.controller.user.LoginController.userLogin(java.lang.String,java.lang.String,javax.servlet.http.HttpServletRequest)
2018-03-20 14:21:20.624 [main] INFO  o.s.w.s.m.m.a.RequestMappingHandlerMapping - Mapped "{[/hello/foo],methods=[GET],params=[],headers=[],consumes=[],produces=[text/html;charset=utf-8],custom=[]}" onto public java.lang.String com.cs.controller.TestController.getShopInJSON(java.lang.String,javax.servlet.http.HttpServletRequest)
2018-03-20 14:21:20.736 [main] INFO  org.springframework.mock.web.MockServletContext - Initializing Spring FrameworkServlet ''
2018-03-20 14:21:20.739 [main] INFO  org.springframework.web.servlet.DispatcherServlet - FrameworkServlet '': initialization started
2018-03-20 14:21:20.786 [main] INFO  org.springframework.web.servlet.DispatcherServlet - FrameworkServlet '': initialization completed in 47 ms
2018-03-20 14:21:20.786 [main] INFO  com.cs.server.MyServer - Netty server has started on port : 8080
2018-03-20 14:21:21.364 [nioEventLoopGroup-4-1] INFO  com.cs.controller.TestController - 谁=====houbin
2018-03-20 14:21:45.940 [nioEventLoopGroup-4-4] INFO  com.cs.controller.TestController - 谁=====houbin
2018-03-20 14:21:49.350 [nioEventLoopGroup-4-5] INFO  com.cs.controller.TestController - 谁=====houbin
2018-03-20 14:22:36.681 [main] INFO  o.s.w.c.s.AnnotationConfigWebApplicationContext - Refreshing Root WebApplicationContext: startup date [Tue Mar 20 14:22:36 CST 2018]; root of context hierarchy
2018-03-20 14:22:36.985 [main] INFO  o.s.w.c.s.AnnotationConfigWebApplicationContext - Registering annotated classes: [class com.cs.server.AppConfig]
2018-03-20 14:22:37.221 [main] INFO  o.s.beans.factory.xml.XmlBeanDefinitionReader - Loading XML bean definitions from URL [file:/D:/opt/CS/target/classes/applicationContext.xml]
2018-03-20 14:22:38.014 [main] INFO  o.s.w.s.m.m.a.RequestMappingHandlerAdapter - Looking for @ControllerAdvice: Root WebApplicationContext: startup date [Tue Mar 20 14:22:36 CST 2018]; root of context hierarchy
2018-03-20 14:22:38.134 [main] INFO  o.s.w.s.m.m.a.RequestMappingHandlerMapping - Mapped "{[/user/create],methods=[GET],params=[],headers=[],consumes=[],produces=[text/html;charset=utf-8],custom=[]}" onto public java.lang.String com.cs.controller.user.LoginController.getShopInJSON1(java.lang.String,javax.servlet.http.HttpServletRequest)
2018-03-20 14:22:38.135 [main] INFO  o.s.w.s.m.m.a.RequestMappingHandlerMapping - Mapped "{[/user/login],methods=[GET],params=[],headers=[],consumes=[],produces=[text/html;charset=utf-8],custom=[]}" onto public java.lang.String com.cs.controller.user.LoginController.userLogin(java.lang.String,java.lang.Long,javax.servlet.http.HttpServletRequest)
2018-03-20 14:22:38.135 [main] INFO  o.s.w.s.m.m.a.RequestMappingHandlerMapping - Mapped "{[/user/foo],methods=[GET],params=[],headers=[],consumes=[],produces=[text/html;charset=utf-8],custom=[]}" onto public java.lang.String com.cs.controller.user.LoginController.getShopInJSON(java.lang.String,javax.servlet.http.HttpServletRequest)
2018-03-20 14:22:38.137 [main] INFO  o.s.w.s.m.m.a.RequestMappingHandlerMapping - Mapped "{[/hello/foo],methods=[GET],params=[],headers=[],consumes=[],produces=[text/html;charset=utf-8],custom=[]}" onto public java.lang.String com.cs.controller.TestController.getShopInJSON(java.lang.String,javax.servlet.http.HttpServletRequest)
2018-03-20 14:22:38.164 [main] INFO  org.springframework.mock.web.MockServletContext - Initializing Spring FrameworkServlet ''
2018-03-20 14:22:38.165 [main] INFO  org.springframework.web.servlet.DispatcherServlet - FrameworkServlet '': initialization started
2018-03-20 14:22:38.197 [main] INFO  org.springframework.web.servlet.DispatcherServlet - FrameworkServlet '': initialization completed in 32 ms
2018-03-20 14:22:38.197 [main] INFO  com.cs.server.MyServer - Netty server has started on port : 8080
2018-03-20 14:24:05.851 [nioEventLoopGroup-4-2] INFO  com.cs.controller.TestController - 谁=====houbin
2018-03-20 14:24:05.851 [nioEventLoopGroup-4-2] INFO  com.cs.controller.TestController - 密码=====123465
2018-03-20 14:24:15.680 [main] INFO  o.s.w.c.s.AnnotationConfigWebApplicationContext - Refreshing Root WebApplicationContext: startup date [Tue Mar 20 14:24:15 CST 2018]; root of context hierarchy
2018-03-20 14:24:15.900 [main] INFO  o.s.w.c.s.AnnotationConfigWebApplicationContext - Registering annotated classes: [class com.cs.server.AppConfig]
2018-03-20 14:24:16.237 [main] INFO  o.s.beans.factory.xml.XmlBeanDefinitionReader - Loading XML bean definitions from URL [file:/D:/opt/CS/target/classes/applicationContext.xml]
2018-03-20 14:24:16.979 [main] INFO  o.s.w.s.m.m.a.RequestMappingHandlerMapping - Mapped "{[/user/foo],methods=[GET],params=[],headers=[],consumes=[],produces=[text/html;charset=utf-8],custom=[]}" onto public java.lang.String com.cs.controller.user.LoginController.getShopInJSON(java.lang.String,javax.servlet.http.HttpServletRequest)
2018-03-20 14:24:16.980 [main] INFO  o.s.w.s.m.m.a.RequestMappingHandlerMapping - Mapped "{[/user/create],methods=[GET],params=[],headers=[],consumes=[],produces=[text/html;charset=utf-8],custom=[]}" onto public java.lang.String com.cs.controller.user.LoginController.getShopInJSON1(java.lang.String,javax.servlet.http.HttpServletRequest)
2018-03-20 14:24:16.980 [main] INFO  o.s.w.s.m.m.a.RequestMappingHandlerMapping - Mapped "{[/user/login],methods=[GET],params=[],headers=[],consumes=[],produces=[text/html;charset=utf-8],custom=[]}" onto public java.lang.String com.cs.controller.user.LoginController.userLogin(java.lang.String,java.lang.Long,javax.servlet.http.HttpServletRequest)
2018-03-20 14:24:16.981 [main] INFO  o.s.w.s.m.m.a.RequestMappingHandlerMapping - Mapped "{[/hello/foo],methods=[GET],params=[],headers=[],consumes=[],produces=[text/html;charset=utf-8],custom=[]}" onto public java.lang.String com.cs.controller.TestController.getShopInJSON(java.lang.String,javax.servlet.http.HttpServletRequest)
2018-03-20 14:24:17.308 [main] INFO  o.s.w.s.m.m.a.RequestMappingHandlerAdapter - Looking for @ControllerAdvice: Root WebApplicationContext: startup date [Tue Mar 20 14:24:15 CST 2018]; root of context hierarchy
2018-03-20 14:24:17.375 [main] WARN  o.s.w.c.s.AnnotationConfigWebApplicationContext - Exception encountered during context initialization - cancelling refresh attempt
org.springframework.beans.factory.BeanCreationException: Error creating bean with name 'loginController': Injection of autowired dependencies failed; nested exception is org.springframework.beans.factory.BeanCreationException: Could not autowire field: private com.cs.srevice.user.service.UserService com.cs.controller.user.LoginController.userService; nested exception is org.springframework.beans.factory.NoSuchBeanDefinitionException: No qualifying bean of type [com.cs.srevice.user.service.UserService] found for dependency: expected at least 1 bean which qualifies as autowire candidate for this dependency. Dependency annotations: {@org.springframework.beans.factory.annotation.Autowired(required=true)}
	at org.springframework.beans.factory.annotation.AutowiredAnnotationBeanPostProcessor.postProcessPropertyValues(AutowiredAnnotationBeanPostProcessor.java:334) ~[spring-beans-4.1.1.RELEASE.jar:4.1.1.RELEASE]
	at org.springframework.beans.factory.support.AbstractAutowireCapableBeanFactory.populateBean(AbstractAutowireCapableBeanFactory.java:1204) ~[spring-beans-4.1.1.RELEASE.jar:4.1.1.RELEASE]
	at org.springframework.beans.factory.support.AbstractAutowireCapableBeanFactory.doCreateBean(AbstractAutowireCapableBeanFactory.java:538) ~[spring-beans-4.1.1.RELEASE.jar:4.1.1.RELEASE]
	at org.springframework.beans.factory.support.AbstractAutowireCapableBeanFactory.createBean(AbstractAutowireCapableBeanFactory.java:476) ~[spring-beans-4.1.1.RELEASE.jar:4.1.1.RELEASE]
	at org.springframework.beans.factory.support.AbstractBeanFactory$1.getObject(AbstractBeanFactory.java:302) ~[spring-beans-4.1.1.RELEASE.jar:4.1.1.RELEASE]
	at org.springframework.beans.factory.support.DefaultSingletonBeanRegistry.getSingleton(DefaultSingletonBeanRegistry.java:229) ~[spring-beans-4.1.1.RELEASE.jar:4.1.1.RELEASE]
	at org.springframework.beans.factory.support.AbstractBeanFactory.doGetBean(AbstractBeanFactory.java:298) ~[spring-beans-4.1.1.RELEASE.jar:4.1.1.RELEASE]
	at org.springframework.beans.factory.support.AbstractBeanFactory.getBean(AbstractBeanFactory.java:193) ~[spring-beans-4.1.1.RELEASE.jar:4.1.1.RELEASE]
	at org.springframework.beans.factory.support.DefaultListableBeanFactory.preInstantiateSingletons(DefaultListableBeanFactory.java:725) ~[spring-beans-4.1.1.RELEASE.jar:4.1.1.RELEASE]
	at org.springframework.context.support.AbstractApplicationContext.finishBeanFactoryInitialization(AbstractApplicationContext.java:757) ~[spring-context-4.1.1.RELEASE.jar:4.1.1.RELEASE]
	at org.springframework.context.support.AbstractApplicationContext.refresh(AbstractApplicationContext.java:480) ~[spring-context-4.1.1.RELEASE.jar:4.1.1.RELEASE]
	at com.cs.server.DispatcherServletChannelInitializer.<init>(DispatcherServletChannelInitializer.java:30) [classes/:na]
	at com.cs.server.MyServer.run(MyServer.java:24) [classes/:na]
	at com.cs.server.MyServer.main(MyServer.java:43) [classes/:na]
Caused by: org.springframework.beans.factory.BeanCreationException: Could not autowire field: private com.cs.srevice.user.service.UserService com.cs.controller.user.LoginController.userService; nested exception is org.springframework.beans.factory.NoSuchBeanDefinitionException: No qualifying bean of type [com.cs.srevice.user.service.UserService] found for dependency: expected at least 1 bean which qualifies as autowire candidate for this dependency. Dependency annotations: {@org.springframework.beans.factory.annotation.Autowired(required=true)}
	at org.springframework.beans.factory.annotation.AutowiredAnnotationBeanPostProcessor$AutowiredFieldElement.inject(AutowiredAnnotationBeanPostProcessor.java:555) ~[spring-beans-4.1.1.RELEASE.jar:4.1.1.RELEASE]
	at org.springframework.beans.factory.annotation.InjectionMetadata.inject(InjectionMetadata.java:87) ~[spring-beans-4.1.1.RELEASE.jar:4.1.1.RELEASE]
	at org.springframework.beans.factory.annotation.AutowiredAnnotationBeanPostProcessor.postProcessPropertyValues(AutowiredAnnotationBeanPostProcessor.java:331) ~[spring-beans-4.1.1.RELEASE.jar:4.1.1.RELEASE]
	... 13 common frames omitted
Caused by: org.springframework.beans.factory.NoSuchBeanDefinitionException: No qualifying bean of type [com.cs.srevice.user.service.UserService] found for dependency: expected at least 1 bean which qualifies as autowire candidate for this dependency. Dependency annotations: {@org.springframework.beans.factory.annotation.Autowired(required=true)}
	at org.springframework.beans.factory.support.DefaultListableBeanFactory.raiseNoSuchBeanDefinitionException(DefaultListableBeanFactory.java:1261) ~[spring-beans-4.1.1.RELEASE.jar:4.1.1.RELEASE]
	at org.springframework.beans.factory.support.DefaultListableBeanFactory.doResolveDependency(DefaultListableBeanFactory.java:1009) ~[spring-beans-4.1.1.RELEASE.jar:4.1.1.RELEASE]
	at org.springframework.beans.factory.support.DefaultListableBeanFactory.resolveDependency(DefaultListableBeanFactory.java:904) ~[spring-beans-4.1.1.RELEASE.jar:4.1.1.RELEASE]
	at org.springframework.beans.factory.annotation.AutowiredAnnotationBeanPostProcessor$AutowiredFieldElement.inject(AutowiredAnnotationBeanPostProcessor.java:527) ~[spring-beans-4.1.1.RELEASE.jar:4.1.1.RELEASE]
	... 15 common frames omitted
2018-03-20 14:28:57.054 [main] INFO  o.s.w.c.s.AnnotationConfigWebApplicationContext - Refreshing Root WebApplicationContext: startup date [Tue Mar 20 14:28:57 CST 2018]; root of context hierarchy
2018-03-20 14:28:57.238 [main] INFO  o.s.w.c.s.AnnotationConfigWebApplicationContext - Registering annotated classes: [class com.cs.server.AppConfig]
2018-03-20 14:28:57.519 [main] INFO  o.s.beans.factory.xml.XmlBeanDefinitionReader - Loading XML bean definitions from URL [file:/D:/opt/CS/target/classes/applicationContext.xml]
2018-03-20 14:28:58.331 [main] INFO  o.s.w.s.m.m.a.RequestMappingHandlerMapping - Mapped "{[/user/create],methods=[GET],params=[],headers=[],consumes=[],produces=[text/html;charset=utf-8],custom=[]}" onto public java.lang.String com.cs.controller.user.LoginController.getShopInJSON1(java.lang.String,javax.servlet.http.HttpServletRequest)
2018-03-20 14:28:58.332 [main] INFO  o.s.w.s.m.m.a.RequestMappingHandlerMapping - Mapped "{[/user/foo],methods=[GET],params=[],headers=[],consumes=[],produces=[text/html;charset=utf-8],custom=[]}" onto public java.lang.String com.cs.controller.user.LoginController.getShopInJSON(java.lang.String,javax.servlet.http.HttpServletRequest)
2018-03-20 14:28:58.333 [main] INFO  o.s.w.s.m.m.a.RequestMappingHandlerMapping - Mapped "{[/user/login],methods=[GET],params=[],headers=[],consumes=[],produces=[text/html;charset=utf-8],custom=[]}" onto public java.lang.String com.cs.controller.user.LoginController.userLogin(java.lang.String,java.lang.Long,javax.servlet.http.HttpServletRequest)
2018-03-20 14:28:58.335 [main] INFO  o.s.w.s.m.m.a.RequestMappingHandlerMapping - Mapped "{[/hello/foo],methods=[GET],params=[],headers=[],consumes=[],produces=[text/html;charset=utf-8],custom=[]}" onto public java.lang.String com.cs.controller.TestController.getShopInJSON(java.lang.String,javax.servlet.http.HttpServletRequest)
2018-03-20 14:28:58.589 [main] INFO  o.s.w.s.m.m.a.RequestMappingHandlerAdapter - Looking for @ControllerAdvice: Root WebApplicationContext: startup date [Tue Mar 20 14:28:57 CST 2018]; root of context hierarchy
2018-03-20 14:28:58.715 [main] WARN  o.s.w.c.s.AnnotationConfigWebApplicationContext - Exception encountered during context initialization - cancelling refresh attempt
org.springframework.beans.factory.BeanCreationException: Error creating bean with name 'loginController': Injection of autowired dependencies failed; nested exception is org.springframework.beans.factory.BeanCreationException: Could not autowire field: private com.cs.srevice.user.service.UserService com.cs.controller.user.LoginController.userService; nested exception is org.springframework.beans.factory.NoSuchBeanDefinitionException: No qualifying bean of type [com.cs.srevice.user.service.UserService] found for dependency: expected at least 1 bean which qualifies as autowire candidate for this dependency. Dependency annotations: {@org.springframework.beans.factory.annotation.Autowired(required=true)}
	at org.springframework.beans.factory.annotation.AutowiredAnnotationBeanPostProcessor.postProcessPropertyValues(AutowiredAnnotationBeanPostProcessor.java:334) ~[spring-beans-4.1.1.RELEASE.jar:4.1.1.RELEASE]
	at org.springframework.beans.factory.support.AbstractAutowireCapableBeanFactory.populateBean(AbstractAutowireCapableBeanFactory.java:1204) ~[spring-beans-4.1.1.RELEASE.jar:4.1.1.RELEASE]
	at org.springframework.beans.factory.support.AbstractAutowireCapableBeanFactory.doCreateBean(AbstractAutowireCapableBeanFactory.java:538) ~[spring-beans-4.1.1.RELEASE.jar:4.1.1.RELEASE]
	at org.springframework.beans.factory.support.AbstractAutowireCapableBeanFactory.createBean(AbstractAutowireCapableBeanFactory.java:476) ~[spring-beans-4.1.1.RELEASE.jar:4.1.1.RELEASE]
	at org.springframework.beans.factory.support.AbstractBeanFactory$1.getObject(AbstractBeanFactory.java:302) ~[spring-beans-4.1.1.RELEASE.jar:4.1.1.RELEASE]
	at org.springframework.beans.factory.support.DefaultSingletonBeanRegistry.getSingleton(DefaultSingletonBeanRegistry.java:229) ~[spring-beans-4.1.1.RELEASE.jar:4.1.1.RELEASE]
	at org.springframework.beans.factory.support.AbstractBeanFactory.doGetBean(AbstractBeanFactory.java:298) ~[spring-beans-4.1.1.RELEASE.jar:4.1.1.RELEASE]
	at org.springframework.beans.factory.support.AbstractBeanFactory.getBean(AbstractBeanFactory.java:193) ~[spring-beans-4.1.1.RELEASE.jar:4.1.1.RELEASE]
	at org.springframework.beans.factory.support.DefaultListableBeanFactory.preInstantiateSingletons(DefaultListableBeanFactory.java:725) ~[spring-beans-4.1.1.RELEASE.jar:4.1.1.RELEASE]
	at org.springframework.context.support.AbstractApplicationContext.finishBeanFactoryInitialization(AbstractApplicationContext.java:757) ~[spring-context-4.1.1.RELEASE.jar:4.1.1.RELEASE]
	at org.springframework.context.support.AbstractApplicationContext.refresh(AbstractApplicationContext.java:480) ~[spring-context-4.1.1.RELEASE.jar:4.1.1.RELEASE]
	at com.cs.server.DispatcherServletChannelInitializer.<init>(DispatcherServletChannelInitializer.java:30) [classes/:na]
	at com.cs.server.MyServer.run(MyServer.java:24) [classes/:na]
	at com.cs.server.MyServer.main(MyServer.java:43) [classes/:na]
Caused by: org.springframework.beans.factory.BeanCreationException: Could not autowire field: private com.cs.srevice.user.service.UserService com.cs.controller.user.LoginController.userService; nested exception is org.springframework.beans.factory.NoSuchBeanDefinitionException: No qualifying bean of type [com.cs.srevice.user.service.UserService] found for dependency: expected at least 1 bean which qualifies as autowire candidate for this dependency. Dependency annotations: {@org.springframework.beans.factory.annotation.Autowired(required=true)}
	at org.springframework.beans.factory.annotation.AutowiredAnnotationBeanPostProcessor$AutowiredFieldElement.inject(AutowiredAnnotationBeanPostProcessor.java:555) ~[spring-beans-4.1.1.RELEASE.jar:4.1.1.RELEASE]
	at org.springframework.beans.factory.annotation.InjectionMetadata.inject(InjectionMetadata.java:87) ~[spring-beans-4.1.1.RELEASE.jar:4.1.1.RELEASE]
	at org.springframework.beans.factory.annotation.AutowiredAnnotationBeanPostProcessor.postProcessPropertyValues(AutowiredAnnotationBeanPostProcessor.java:331) ~[spring-beans-4.1.1.RELEASE.jar:4.1.1.RELEASE]
	... 13 common frames omitted
Caused by: org.springframework.beans.factory.NoSuchBeanDefinitionException: No qualifying bean of type [com.cs.srevice.user.service.UserService] found for dependency: expected at least 1 bean which qualifies as autowire candidate for this dependency. Dependency annotations: {@org.springframework.beans.factory.annotation.Autowired(required=true)}
	at org.springframework.beans.factory.support.DefaultListableBeanFactory.raiseNoSuchBeanDefinitionException(DefaultListableBeanFactory.java:1261) ~[spring-beans-4.1.1.RELEASE.jar:4.1.1.RELEASE]
	at org.springframework.beans.factory.support.DefaultListableBeanFactory.doResolveDependency(DefaultListableBeanFactory.java:1009) ~[spring-beans-4.1.1.RELEASE.jar:4.1.1.RELEASE]
	at org.springframework.beans.factory.support.DefaultListableBeanFactory.resolveDependency(DefaultListableBeanFactory.java:904) ~[spring-beans-4.1.1.RELEASE.jar:4.1.1.RELEASE]
	at org.springframework.beans.factory.annotation.AutowiredAnnotationBeanPostProcessor$AutowiredFieldElement.inject(AutowiredAnnotationBeanPostProcessor.java:527) ~[spring-beans-4.1.1.RELEASE.jar:4.1.1.RELEASE]
	... 15 common frames omitted
2018-03-20 17:36:11.813 [main] INFO  o.s.w.c.s.AnnotationConfigWebApplicationContext - Refreshing Root WebApplicationContext: startup date [Tue Mar 20 17:36:11 CST 2018]; root of context hierarchy
2018-03-20 17:36:12.008 [main] INFO  o.s.w.c.s.AnnotationConfigWebApplicationContext - Registering annotated classes: [class com.cs.server.AppConfig]
2018-03-20 17:36:12.302 [main] INFO  o.s.beans.factory.xml.XmlBeanDefinitionReader - Loading XML bean definitions from URL [file:/D:/opt/CS/target/classes/applicationContext.xml]
2018-03-20 17:36:13.315 [main] INFO  o.s.w.s.m.m.a.RequestMappingHandlerAdapter - Looking for @ControllerAdvice: Root WebApplicationContext: startup date [Tue Mar 20 17:36:11 CST 2018]; root of context hierarchy
2018-03-20 17:36:13.393 [main] INFO  o.s.w.s.m.m.a.RequestMappingHandlerMapping - Mapped "{[/user/foo],methods=[GET],params=[],headers=[],consumes=[],produces=[text/html;charset=utf-8],custom=[]}" onto public java.lang.String com.cs.controller.user.LoginController.getShopInJSON(java.lang.String,javax.servlet.http.HttpServletRequest)
2018-03-20 17:36:13.394 [main] INFO  o.s.w.s.m.m.a.RequestMappingHandlerMapping - Mapped "{[/user/login],methods=[GET],params=[],headers=[],consumes=[],produces=[text/html;charset=utf-8],custom=[]}" onto public java.lang.String com.cs.controller.user.LoginController.userLogin(java.lang.String,java.lang.Long,javax.servlet.http.HttpServletRequest)
2018-03-20 17:36:13.395 [main] INFO  o.s.w.s.m.m.a.RequestMappingHandlerMapping - Mapped "{[/hello/foo],methods=[GET],params=[],headers=[],consumes=[],produces=[text/html;charset=utf-8],custom=[]}" onto public java.lang.String com.cs.controller.TestController.getShopInJSON(java.lang.String,javax.servlet.http.HttpServletRequest)
2018-03-20 17:36:13.460 [main] WARN  o.s.w.c.s.AnnotationConfigWebApplicationContext - Exception encountered during context initialization - cancelling refresh attempt
org.springframework.beans.factory.BeanCreationException: Error creating bean with name 'loginController': Injection of autowired dependencies failed; nested exception is org.springframework.beans.factory.BeanCreationException: Could not autowire field: private com.cs.srevice.user.service.UserService com.cs.controller.user.LoginController.userService; nested exception is org.springframework.beans.factory.NoSuchBeanDefinitionException: No qualifying bean of type [com.cs.srevice.user.service.UserService] found for dependency: expected at least 1 bean which qualifies as autowire candidate for this dependency. Dependency annotations: {@org.springframework.beans.factory.annotation.Autowired(required=true)}
	at org.springframework.beans.factory.annotation.AutowiredAnnotationBeanPostProcessor.postProcessPropertyValues(AutowiredAnnotationBeanPostProcessor.java:334) ~[spring-beans-4.1.1.RELEASE.jar:4.1.1.RELEASE]
	at org.springframework.beans.factory.support.AbstractAutowireCapableBeanFactory.populateBean(AbstractAutowireCapableBeanFactory.java:1204) ~[spring-beans-4.1.1.RELEASE.jar:4.1.1.RELEASE]
	at org.springframework.beans.factory.support.AbstractAutowireCapableBeanFactory.doCreateBean(AbstractAutowireCapableBeanFactory.java:538) ~[spring-beans-4.1.1.RELEASE.jar:4.1.1.RELEASE]
	at org.springframework.beans.factory.support.AbstractAutowireCapableBeanFactory.createBean(AbstractAutowireCapableBeanFactory.java:476) ~[spring-beans-4.1.1.RELEASE.jar:4.1.1.RELEASE]
	at org.springframework.beans.factory.support.AbstractBeanFactory$1.getObject(AbstractBeanFactory.java:302) ~[spring-beans-4.1.1.RELEASE.jar:4.1.1.RELEASE]
	at org.springframework.beans.factory.support.DefaultSingletonBeanRegistry.getSingleton(DefaultSingletonBeanRegistry.java:229) ~[spring-beans-4.1.1.RELEASE.jar:4.1.1.RELEASE]
	at org.springframework.beans.factory.support.AbstractBeanFactory.doGetBean(AbstractBeanFactory.java:298) ~[spring-beans-4.1.1.RELEASE.jar:4.1.1.RELEASE]
	at org.springframework.beans.factory.support.AbstractBeanFactory.getBean(AbstractBeanFactory.java:193) ~[spring-beans-4.1.1.RELEASE.jar:4.1.1.RELEASE]
	at org.springframework.beans.factory.support.DefaultListableBeanFactory.preInstantiateSingletons(DefaultListableBeanFactory.java:725) ~[spring-beans-4.1.1.RELEASE.jar:4.1.1.RELEASE]
	at org.springframework.context.support.AbstractApplicationContext.finishBeanFactoryInitialization(AbstractApplicationContext.java:757) ~[spring-context-4.1.1.RELEASE.jar:4.1.1.RELEASE]
	at org.springframework.context.support.AbstractApplicationContext.refresh(AbstractApplicationContext.java:480) ~[spring-context-4.1.1.RELEASE.jar:4.1.1.RELEASE]
	at com.cs.server.DispatcherServletChannelInitializer.<init>(DispatcherServletChannelInitializer.java:30) [classes/:na]
	at com.cs.server.MyServer.run(MyServer.java:24) [classes/:na]
	at com.cs.server.MyServer.main(MyServer.java:43) [classes/:na]
Caused by: org.springframework.beans.factory.BeanCreationException: Could not autowire field: private com.cs.srevice.user.service.UserService com.cs.controller.user.LoginController.userService; nested exception is org.springframework.beans.factory.NoSuchBeanDefinitionException: No qualifying bean of type [com.cs.srevice.user.service.UserService] found for dependency: expected at least 1 bean which qualifies as autowire candidate for this dependency. Dependency annotations: {@org.springframework.beans.factory.annotation.Autowired(required=true)}
	at org.springframework.beans.factory.annotation.AutowiredAnnotationBeanPostProcessor$AutowiredFieldElement.inject(AutowiredAnnotationBeanPostProcessor.java:555) ~[spring-beans-4.1.1.RELEASE.jar:4.1.1.RELEASE]
	at org.springframework.beans.factory.annotation.InjectionMetadata.inject(InjectionMetadata.java:87) ~[spring-beans-4.1.1.RELEASE.jar:4.1.1.RELEASE]
	at org.springframework.beans.factory.annotation.AutowiredAnnotationBeanPostProcessor.postProcessPropertyValues(AutowiredAnnotationBeanPostProcessor.java:331) ~[spring-beans-4.1.1.RELEASE.jar:4.1.1.RELEASE]
	... 13 common frames omitted
Caused by: org.springframework.beans.factory.NoSuchBeanDefinitionException: No qualifying bean of type [com.cs.srevice.user.service.UserService] found for dependency: expected at least 1 bean which qualifies as autowire candidate for this dependency. Dependency annotations: {@org.springframework.beans.factory.annotation.Autowired(required=true)}
	at org.springframework.beans.factory.support.DefaultListableBeanFactory.raiseNoSuchBeanDefinitionException(DefaultListableBeanFactory.java:1261) ~[spring-beans-4.1.1.RELEASE.jar:4.1.1.RELEASE]
	at org.springframework.beans.factory.support.DefaultListableBeanFactory.doResolveDependency(DefaultListableBeanFactory.java:1009) ~[spring-beans-4.1.1.RELEASE.jar:4.1.1.RELEASE]
	at org.springframework.beans.factory.support.DefaultListableBeanFactory.resolveDependency(DefaultListableBeanFactory.java:904) ~[spring-beans-4.1.1.RELEASE.jar:4.1.1.RELEASE]
	at org.springframework.beans.factory.annotation.AutowiredAnnotationBeanPostProcessor$AutowiredFieldElement.inject(AutowiredAnnotationBeanPostProcessor.java:527) ~[spring-beans-4.1.1.RELEASE.jar:4.1.1.RELEASE]
	... 15 common frames omitted
2018-03-20 17:39:12.289 [main] INFO  o.s.w.c.s.AnnotationConfigWebApplicationContext - Refreshing Root WebApplicationContext: startup date [Tue Mar 20 17:39:12 CST 2018]; root of context hierarchy
2018-03-20 17:39:12.492 [main] INFO  o.s.w.c.s.AnnotationConfigWebApplicationContext - Registering annotated classes: [class com.cs.server.AppConfig]
2018-03-20 17:39:12.819 [main] INFO  o.s.beans.factory.xml.XmlBeanDefinitionReader - Loading XML bean definitions from URL [file:/D:/opt/CS/target/classes/applicationContext.xml]
2018-03-20 17:39:13.656 [main] INFO  o.s.w.s.m.m.a.RequestMappingHandlerMapping - Mapped "{[/user/login],methods=[GET],params=[],headers=[],consumes=[],produces=[text/html;charset=utf-8],custom=[]}" onto public java.lang.String com.cs.controller.user.LoginController.userLogin(java.lang.String,java.lang.Long,javax.servlet.http.HttpServletRequest)
2018-03-20 17:39:13.657 [main] INFO  o.s.w.s.m.m.a.RequestMappingHandlerMapping - Mapped "{[/user/foo],methods=[GET],params=[],headers=[],consumes=[],produces=[text/html;charset=utf-8],custom=[]}" onto public java.lang.String com.cs.controller.user.LoginController.getShopInJSON(java.lang.String,javax.servlet.http.HttpServletRequest)
2018-03-20 17:39:13.876 [main] INFO  o.s.w.s.m.m.a.RequestMappingHandlerAdapter - Looking for @ControllerAdvice: Root WebApplicationContext: startup date [Tue Mar 20 17:39:12 CST 2018]; root of context hierarchy
2018-03-20 17:39:13.940 [main] WARN  o.s.w.c.s.AnnotationConfigWebApplicationContext - Exception encountered during context initialization - cancelling refresh attempt
org.springframework.beans.factory.BeanCreationException: Error creating bean with name 'loginController': Injection of autowired dependencies failed; nested exception is org.springframework.beans.factory.BeanCreationException: Could not autowire field: private com.cs.srevice.user.service.UserService com.cs.controller.user.LoginController.userService; nested exception is org.springframework.beans.factory.NoSuchBeanDefinitionException: No qualifying bean of type [com.cs.srevice.user.service.UserService] found for dependency: expected at least 1 bean which qualifies as autowire candidate for this dependency. Dependency annotations: {@org.springframework.beans.factory.annotation.Autowired(required=true)}
	at org.springframework.beans.factory.annotation.AutowiredAnnotationBeanPostProcessor.postProcessPropertyValues(AutowiredAnnotationBeanPostProcessor.java:334) ~[spring-beans-4.1.1.RELEASE.jar:4.1.1.RELEASE]
	at org.springframework.beans.factory.support.AbstractAutowireCapableBeanFactory.populateBean(AbstractAutowireCapableBeanFactory.java:1204) ~[spring-beans-4.1.1.RELEASE.jar:4.1.1.RELEASE]
	at org.springframework.beans.factory.support.AbstractAutowireCapableBeanFactory.doCreateBean(AbstractAutowireCapableBeanFactory.java:538) ~[spring-beans-4.1.1.RELEASE.jar:4.1.1.RELEASE]
	at org.springframework.beans.factory.support.AbstractAutowireCapableBeanFactory.createBean(AbstractAutowireCapableBeanFactory.java:476) ~[spring-beans-4.1.1.RELEASE.jar:4.1.1.RELEASE]
	at org.springframework.beans.factory.support.AbstractBeanFactory$1.getObject(AbstractBeanFactory.java:302) ~[spring-beans-4.1.1.RELEASE.jar:4.1.1.RELEASE]
	at org.springframework.beans.factory.support.DefaultSingletonBeanRegistry.getSingleton(DefaultSingletonBeanRegistry.java:229) ~[spring-beans-4.1.1.RELEASE.jar:4.1.1.RELEASE]
	at org.springframework.beans.factory.support.AbstractBeanFactory.doGetBean(AbstractBeanFactory.java:298) ~[spring-beans-4.1.1.RELEASE.jar:4.1.1.RELEASE]
	at org.springframework.beans.factory.support.AbstractBeanFactory.getBean(AbstractBeanFactory.java:193) ~[spring-beans-4.1.1.RELEASE.jar:4.1.1.RELEASE]
	at org.springframework.beans.factory.support.DefaultListableBeanFactory.preInstantiateSingletons(DefaultListableBeanFactory.java:725) ~[spring-beans-4.1.1.RELEASE.jar:4.1.1.RELEASE]
	at org.springframework.context.support.AbstractApplicationContext.finishBeanFactoryInitialization(AbstractApplicationContext.java:757) ~[spring-context-4.1.1.RELEASE.jar:4.1.1.RELEASE]
	at org.springframework.context.support.AbstractApplicationContext.refresh(AbstractApplicationContext.java:480) ~[spring-context-4.1.1.RELEASE.jar:4.1.1.RELEASE]
	at com.cs.server.DispatcherServletChannelInitializer.<init>(DispatcherServletChannelInitializer.java:30) [classes/:na]
	at com.cs.server.MyServer.run(MyServer.java:24) [classes/:na]
	at com.cs.server.MyServer.main(MyServer.java:43) [classes/:na]
Caused by: org.springframework.beans.factory.BeanCreationException: Could not autowire field: private com.cs.srevice.user.service.UserService com.cs.controller.user.LoginController.userService; nested exception is org.springframework.beans.factory.NoSuchBeanDefinitionException: No qualifying bean of type [com.cs.srevice.user.service.UserService] found for dependency: expected at least 1 bean which qualifies as autowire candidate for this dependency. Dependency annotations: {@org.springframework.beans.factory.annotation.Autowired(required=true)}
	at org.springframework.beans.factory.annotation.AutowiredAnnotationBeanPostProcessor$AutowiredFieldElement.inject(AutowiredAnnotationBeanPostProcessor.java:555) ~[spring-beans-4.1.1.RELEASE.jar:4.1.1.RELEASE]
	at org.springframework.beans.factory.annotation.InjectionMetadata.inject(InjectionMetadata.java:87) ~[spring-beans-4.1.1.RELEASE.jar:4.1.1.RELEASE]
	at org.springframework.beans.factory.annotation.AutowiredAnnotationBeanPostProcessor.postProcessPropertyValues(AutowiredAnnotationBeanPostProcessor.java:331) ~[spring-beans-4.1.1.RELEASE.jar:4.1.1.RELEASE]
	... 13 common frames omitted
Caused by: org.springframework.beans.factory.NoSuchBeanDefinitionException: No qualifying bean of type [com.cs.srevice.user.service.UserService] found for dependency: expected at least 1 bean which qualifies as autowire candidate for this dependency. Dependency annotations: {@org.springframework.beans.factory.annotation.Autowired(required=true)}
	at org.springframework.beans.factory.support.DefaultListableBeanFactory.raiseNoSuchBeanDefinitionException(DefaultListableBeanFactory.java:1261) ~[spring-beans-4.1.1.RELEASE.jar:4.1.1.RELEASE]
	at org.springframework.beans.factory.support.DefaultListableBeanFactory.doResolveDependency(DefaultListableBeanFactory.java:1009) ~[spring-beans-4.1.1.RELEASE.jar:4.1.1.RELEASE]
	at org.springframework.beans.factory.support.DefaultListableBeanFactory.resolveDependency(DefaultListableBeanFactory.java:904) ~[spring-beans-4.1.1.RELEASE.jar:4.1.1.RELEASE]
	at org.springframework.beans.factory.annotation.AutowiredAnnotationBeanPostProcessor$AutowiredFieldElement.inject(AutowiredAnnotationBeanPostProcessor.java:527) ~[spring-beans-4.1.1.RELEASE.jar:4.1.1.RELEASE]
	... 15 common frames omitted
2018-03-20 17:47:04.873 [main] INFO  o.s.w.c.s.AnnotationConfigWebApplicationContext - Refreshing Root WebApplicationContext: startup date [Tue Mar 20 17:47:04 CST 2018]; root of context hierarchy
2018-03-20 17:47:05.097 [main] INFO  o.s.w.c.s.AnnotationConfigWebApplicationContext - Registering annotated classes: [class com.cs.server.AppConfig]
2018-03-20 17:47:05.432 [main] INFO  o.s.beans.factory.xml.XmlBeanDefinitionReader - Loading XML bean definitions from URL [file:/D:/opt/CS/target/classes/applicationContext.xml]
2018-03-20 17:47:06.159 [main] INFO  o.s.w.s.m.m.a.RequestMappingHandlerMapping - Mapped "{[/hello/foo],methods=[GET],params=[],headers=[],consumes=[],produces=[text/html;charset=utf-8],custom=[]}" onto public java.lang.String com.cs.controller.TestController.getShopInJSON(java.lang.String,javax.servlet.http.HttpServletRequest)
2018-03-20 17:47:06.161 [main] INFO  o.s.w.s.m.m.a.RequestMappingHandlerMapping - Mapped "{[/user/login],methods=[GET],params=[],headers=[],consumes=[],produces=[text/html;charset=utf-8],custom=[]}" onto public java.lang.String com.cs.controller.user.LoginController.userLogin(java.lang.String,java.lang.Long,javax.servlet.http.HttpServletRequest)
2018-03-20 17:47:06.162 [main] INFO  o.s.w.s.m.m.a.RequestMappingHandlerMapping - Mapped "{[/user/foo],methods=[GET],params=[],headers=[],consumes=[],produces=[text/html;charset=utf-8],custom=[]}" onto public java.lang.String com.cs.controller.user.LoginController.getShopInJSON(java.lang.String,javax.servlet.http.HttpServletRequest)
2018-03-20 17:47:06.421 [main] INFO  o.s.w.s.m.m.a.RequestMappingHandlerAdapter - Looking for @ControllerAdvice: Root WebApplicationContext: startup date [Tue Mar 20 17:47:04 CST 2018]; root of context hierarchy
2018-03-20 17:47:06.504 [main] WARN  o.s.w.c.s.AnnotationConfigWebApplicationContext - Exception encountered during context initialization - cancelling refresh attempt
org.springframework.beans.factory.BeanCreationException: Error creating bean with name 'loginController': Injection of autowired dependencies failed; nested exception is org.springframework.beans.factory.BeanCreationException: Could not autowire field: private com.cs.srevice.user.service.UserService com.cs.controller.user.LoginController.userService; nested exception is org.springframework.beans.factory.NoSuchBeanDefinitionException: No qualifying bean of type [com.cs.srevice.user.service.UserService] found for dependency: expected at least 1 bean which qualifies as autowire candidate for this dependency. Dependency annotations: {@org.springframework.beans.factory.annotation.Autowired(required=true)}
	at org.springframework.beans.factory.annotation.AutowiredAnnotationBeanPostProcessor.postProcessPropertyValues(AutowiredAnnotationBeanPostProcessor.java:334) ~[spring-beans-4.1.1.RELEASE.jar:4.1.1.RELEASE]
	at org.springframework.beans.factory.support.AbstractAutowireCapableBeanFactory.populateBean(AbstractAutowireCapableBeanFactory.java:1204) ~[spring-beans-4.1.1.RELEASE.jar:4.1.1.RELEASE]
	at org.springframework.beans.factory.support.AbstractAutowireCapableBeanFactory.doCreateBean(AbstractAutowireCapableBeanFactory.java:538) ~[spring-beans-4.1.1.RELEASE.jar:4.1.1.RELEASE]
	at org.springframework.beans.factory.support.AbstractAutowireCapableBeanFactory.createBean(AbstractAutowireCapableBeanFactory.java:476) ~[spring-beans-4.1.1.RELEASE.jar:4.1.1.RELEASE]
	at org.springframework.beans.factory.support.AbstractBeanFactory$1.getObject(AbstractBeanFactory.java:302) ~[spring-beans-4.1.1.RELEASE.jar:4.1.1.RELEASE]
	at org.springframework.beans.factory.support.DefaultSingletonBeanRegistry.getSingleton(DefaultSingletonBeanRegistry.java:229) ~[spring-beans-4.1.1.RELEASE.jar:4.1.1.RELEASE]
	at org.springframework.beans.factory.support.AbstractBeanFactory.doGetBean(AbstractBeanFactory.java:298) ~[spring-beans-4.1.1.RELEASE.jar:4.1.1.RELEASE]
	at org.springframework.beans.factory.support.AbstractBeanFactory.getBean(AbstractBeanFactory.java:193) ~[spring-beans-4.1.1.RELEASE.jar:4.1.1.RELEASE]
	at org.springframework.beans.factory.support.DefaultListableBeanFactory.preInstantiateSingletons(DefaultListableBeanFactory.java:725) ~[spring-beans-4.1.1.RELEASE.jar:4.1.1.RELEASE]
	at org.springframework.context.support.AbstractApplicationContext.finishBeanFactoryInitialization(AbstractApplicationContext.java:757) ~[spring-context-4.1.1.RELEASE.jar:4.1.1.RELEASE]
	at org.springframework.context.support.AbstractApplicationContext.refresh(AbstractApplicationContext.java:480) ~[spring-context-4.1.1.RELEASE.jar:4.1.1.RELEASE]
	at com.cs.server.DispatcherServletChannelInitializer.<init>(DispatcherServletChannelInitializer.java:30) [classes/:na]
	at com.cs.server.MyServer.run(MyServer.java:24) [classes/:na]
	at com.cs.server.MyServer.main(MyServer.java:43) [classes/:na]
Caused by: org.springframework.beans.factory.BeanCreationException: Could not autowire field: private com.cs.srevice.user.service.UserService com.cs.controller.user.LoginController.userService; nested exception is org.springframework.beans.factory.NoSuchBeanDefinitionException: No qualifying bean of type [com.cs.srevice.user.service.UserService] found for dependency: expected at least 1 bean which qualifies as autowire candidate for this dependency. Dependency annotations: {@org.springframework.beans.factory.annotation.Autowired(required=true)}
	at org.springframework.beans.factory.annotation.AutowiredAnnotationBeanPostProcessor$AutowiredFieldElement.inject(AutowiredAnnotationBeanPostProcessor.java:555) ~[spring-beans-4.1.1.RELEASE.jar:4.1.1.RELEASE]
	at org.springframework.beans.factory.annotation.InjectionMetadata.inject(InjectionMetadata.java:87) ~[spring-beans-4.1.1.RELEASE.jar:4.1.1.RELEASE]
	at org.springframework.beans.factory.annotation.AutowiredAnnotationBeanPostProcessor.postProcessPropertyValues(AutowiredAnnotationBeanPostProcessor.java:331) ~[spring-beans-4.1.1.RELEASE.jar:4.1.1.RELEASE]
	... 13 common frames omitted
Caused by: org.springframework.beans.factory.NoSuchBeanDefinitionException: No qualifying bean of type [com.cs.srevice.user.service.UserService] found for dependency: expected at least 1 bean which qualifies as autowire candidate for this dependency. Dependency annotations: {@org.springframework.beans.factory.annotation.Autowired(required=true)}
	at org.springframework.beans.factory.support.DefaultListableBeanFactory.raiseNoSuchBeanDefinitionException(DefaultListableBeanFactory.java:1261) ~[spring-beans-4.1.1.RELEASE.jar:4.1.1.RELEASE]
	at org.springframework.beans.factory.support.DefaultListableBeanFactory.doResolveDependency(DefaultListableBeanFactory.java:1009) ~[spring-beans-4.1.1.RELEASE.jar:4.1.1.RELEASE]
	at org.springframework.beans.factory.support.DefaultListableBeanFactory.resolveDependency(DefaultListableBeanFactory.java:904) ~[spring-beans-4.1.1.RELEASE.jar:4.1.1.RELEASE]
	at org.springframework.beans.factory.annotation.AutowiredAnnotationBeanPostProcessor$AutowiredFieldElement.inject(AutowiredAnnotationBeanPostProcessor.java:527) ~[spring-beans-4.1.1.RELEASE.jar:4.1.1.RELEASE]
	... 15 common frames omitted
2018-03-20 17:50:18.480 [main] INFO  o.s.w.c.s.AnnotationConfigWebApplicationContext - Refreshing Root WebApplicationContext: startup date [Tue Mar 20 17:50:18 CST 2018]; root of context hierarchy
2018-03-20 17:50:18.784 [main] INFO  o.s.w.c.s.AnnotationConfigWebApplicationContext - Registering annotated classes: [class com.cs.server.AppConfig]
2018-03-20 17:50:19.210 [main] INFO  o.s.beans.factory.xml.XmlBeanDefinitionReader - Loading XML bean definitions from URL [file:/D:/opt/CS/target/classes/applicationContext.xml]
2018-03-20 17:50:19.983 [main] INFO  o.s.w.s.m.m.a.RequestMappingHandlerMapping - Mapped "{[/hello/foo],methods=[GET],params=[],headers=[],consumes=[],produces=[text/html;charset=utf-8],custom=[]}" onto public java.lang.String com.cs.controller.TestController.getShopInJSON(java.lang.String,javax.servlet.http.HttpServletRequest)
2018-03-20 17:50:19.987 [main] INFO  o.s.w.s.m.m.a.RequestMappingHandlerMapping - Mapped "{[/user/foo],methods=[GET],params=[],headers=[],consumes=[],produces=[text/html;charset=utf-8],custom=[]}" onto public java.lang.String com.cs.controller.user.LoginController.getShopInJSON(java.lang.String,javax.servlet.http.HttpServletRequest)
2018-03-20 17:50:19.988 [main] INFO  o.s.w.s.m.m.a.RequestMappingHandlerMapping - Mapped "{[/user/login],methods=[GET],params=[],headers=[],consumes=[],produces=[text/html;charset=utf-8],custom=[]}" onto public java.lang.String com.cs.controller.user.LoginController.userLogin(java.lang.String,java.lang.Long,javax.servlet.http.HttpServletRequest)
2018-03-20 17:50:20.249 [main] INFO  o.s.w.s.m.m.a.RequestMappingHandlerAdapter - Looking for @ControllerAdvice: Root WebApplicationContext: startup date [Tue Mar 20 17:50:18 CST 2018]; root of context hierarchy
2018-03-20 17:50:20.465 [main] INFO  org.springframework.mock.web.MockServletContext - Initializing Spring FrameworkServlet ''
2018-03-20 17:50:20.466 [main] INFO  org.springframework.web.servlet.DispatcherServlet - FrameworkServlet '': initialization started
2018-03-20 17:50:20.499 [main] INFO  org.springframework.web.servlet.DispatcherServlet - FrameworkServlet '': initialization completed in 32 ms
2018-03-20 17:50:20.500 [main] INFO  com.cs.server.MyServer - Netty server has started on port : 8080
2018-03-20 17:52:49.583 [nioEventLoopGroup-4-2] INFO  com.cs.controller.TestController - 谁=====houbin
2018-03-20 17:52:49.584 [nioEventLoopGroup-4-2] INFO  com.cs.controller.TestController - 密码=====123465
2018-03-20 17:52:53.501 [nioEventLoopGroup-4-1] INFO  com.cs.controller.TestController - 谁=====houbin
2018-03-20 17:52:53.501 [nioEventLoopGroup-4-1] INFO  com.cs.controller.TestController - 密码=====123465
2018-03-20 17:52:57.212 [nioEventLoopGroup-4-3] INFO  com.cs.controller.TestController - 谁=====侯彬
2018-03-20 17:53:57.244 [main] INFO  o.s.w.c.s.AnnotationConfigWebApplicationContext - Refreshing Root WebApplicationContext: startup date [Tue Mar 20 17:53:57 CST 2018]; root of context hierarchy
2018-03-20 17:53:57.456 [main] INFO  o.s.w.c.s.AnnotationConfigWebApplicationContext - Registering annotated classes: [class com.cs.server.AppConfig]
2018-03-20 17:53:57.794 [main] INFO  o.s.beans.factory.xml.XmlBeanDefinitionReader - Loading XML bean definitions from URL [file:/D:/opt/CS/target/classes/applicationContext.xml]
2018-03-20 17:54:09.469 [main] INFO  o.s.w.c.s.AnnotationConfigWebApplicationContext - Refreshing Root WebApplicationContext: startup date [Tue Mar 20 17:54:09 CST 2018]; root of context hierarchy
2018-03-20 17:54:09.674 [main] INFO  o.s.w.c.s.AnnotationConfigWebApplicationContext - Registering annotated classes: [class com.cs.server.AppConfig]
2018-03-20 17:54:10.060 [main] INFO  o.s.beans.factory.xml.XmlBeanDefinitionReader - Loading XML bean definitions from URL [file:/D:/opt/CS/target/classes/applicationContext.xml]
2018-03-20 17:54:11.037 [main] INFO  o.s.w.s.m.m.a.RequestMappingHandlerMapping - Mapped "{[/hello/foo],methods=[GET],params=[],headers=[],consumes=[],produces=[text/html;charset=utf-8],custom=[]}" onto public java.lang.String com.cs.controller.TestController.getShopInJSON(java.lang.String,javax.servlet.http.HttpServletRequest)
2018-03-20 17:54:11.044 [main] INFO  o.s.w.s.m.m.a.RequestMappingHandlerMapping - Mapped "{[/user/login],methods=[GET],params=[],headers=[],consumes=[],produces=[text/html;charset=utf-8],custom=[]}" onto public java.lang.String com.cs.controller.user.LoginController.userLogin(java.lang.String,java.lang.Long,javax.servlet.http.HttpServletRequest)
2018-03-20 17:54:11.046 [main] INFO  o.s.w.s.m.m.a.RequestMappingHandlerMapping - Mapped "{[/user/foo],methods=[GET],params=[],headers=[],consumes=[],produces=[text/html;charset=utf-8],custom=[]}" onto public java.lang.String com.cs.controller.user.LoginController.getShopInJSON(java.lang.String,javax.servlet.http.HttpServletRequest)
2018-03-20 17:54:11.489 [main] INFO  o.s.w.s.m.m.a.RequestMappingHandlerAdapter - Looking for @ControllerAdvice: Root WebApplicationContext: startup date [Tue Mar 20 17:54:09 CST 2018]; root of context hierarchy
2018-03-20 17:54:11.689 [main] INFO  org.springframework.mock.web.MockServletContext - Initializing Spring FrameworkServlet ''
2018-03-20 17:54:11.690 [main] INFO  org.springframework.web.servlet.DispatcherServlet - FrameworkServlet '': initialization started
2018-03-20 17:54:11.714 [main] INFO  org.springframework.web.servlet.DispatcherServlet - FrameworkServlet '': initialization completed in 24 ms
2018-03-20 17:54:11.715 [main] INFO  com.cs.server.MyServer - Netty server has started on port : 8080
2018-03-20 17:54:13.682 [nioEventLoopGroup-4-2] INFO  com.cs.controller.TestController - 谁=====houbin
2018-03-20 17:54:13.682 [nioEventLoopGroup-4-2] INFO  com.cs.controller.TestController - 密码=====123465
2018-03-20 18:04:02.572 [nioEventLoopGroup-4-4] INFO  com.cs.controller.TestController - 谁=====houbin
2018-03-20 18:04:02.573 [nioEventLoopGroup-4-4] INFO  com.cs.controller.TestController - 密码=====123465
